Arguments: 
  C:\Program Files\nodejs\node.exe C:\Users\Administrator\AppData\Roaming\npm\node_modules\yarn\bin\yarn.js add babel-syntax-dynamic-import

PATH: 
  C:\windows\system32;C:\windows;C:\windows\System32\Wbem;C:\windows\System32\WindowsPowerShell\v1.0\;C:\windows\System32\OpenSSH\;C:\Program Files (x86)\NVIDIA Corporation\PhysX\Common;C:\Program Files\nodejs\;C:\Program Files\dotnet\;C:\Program Files\Git\cmd;C:\Users\Administrator\AppData\Roaming\npm;;C:\Program Files\python;C:\Program Files\python\Scripts;;D:\BtSoft\panel\script;C:\Program Files (x86)\NetSarang\Xftp 7\;C:\Users\Administrator\AppData\Local\Microsoft\WindowsApps;;C:\Users\Administrator\AppData\Local\Programs\Microsoft VS Code\bin;C:\Users\Administrator\AppData\Roaming\npm

Yarn version: 
  1.22.10

Node version: 
  14.15.0

Platform: 
  win32 x64

Trace: 
  Error: https://registry.npm.taobao.org/babel-syntax-dynamic-import: Not found
      at Request.params.callback [as _callback] (C:\Users\Administrator\AppData\Roaming\npm\node_modules\yarn\lib\cli.js:66988:18)
      at Request.self.callback (C:\Users\Administrator\AppData\Roaming\npm\node_modules\yarn\lib\cli.js:140662:22)
      at Request.emit (events.js:315:20)
      at Request.<anonymous> (C:\Users\Administrator\AppData\Roaming\npm\node_modules\yarn\lib\cli.js:141634:10)
      at Request.emit (events.js:315:20)
      at IncomingMessage.<anonymous> (C:\Users\Administrator\AppData\Roaming\npm\node_modules\yarn\lib\cli.js:141556:12)
      at Object.onceWrapper (events.js:421:28)
      at IncomingMessage.emit (events.js:327:22)
      at endReadableNT (_stream_readable.js:1327:12)
      at processTicksAndRejections (internal/process/task_queues.js:80:21)

npm manifest: 
  {
    "name": "aool-ui",
    "version": "1.0.0",
    "description": "",
    "main": "index.js",
    "scripts": {
      "test": "echo \"Error: no test specified\" && exit 1"
    },
    "author": "",
    "license": "ISC",
    "dependencies": {
      "@babel/core": "^7.14.6",
      "@rollup/plugin-babel": "^5.3.0",
      "@vue/compiler-sfc": "^3.1.4",
      "babel": "^6.23.0",
      "rollup-plugin-terser": "^7.0.2",
      "rollup-plugin-vue": "^6.0.0",
      "rollup-pluginutils": "^2.8.2",
      "vue": "^3.1.4"
    }
  }

yarn manifest: 
  No manifest

Lockfile: 
  # THIS IS AN AUTOGENERATED FILE. DO NOT EDIT THIS FILE DIRECTLY.
  # yarn lockfile v1
  
  
  "@babel/code-frame@^7.10.4", "@babel/code-frame@^7.14.5":
    version "7.14.5"
    resolved "https://registry.nlark.com/@babel/code-frame/download/@babel/code-frame-7.14.5.tgz?cache=0&sync_timestamp=1623280439463&other_urls=https%3A%2F%2Fregistry.nlark.com%2F%40babel%2Fcode-frame%2Fdownload%2F%40babel%2Fcode-frame-7.14.5.tgz#23b08d740e83f49c5e59945fbf1b43e80bbf4edb"
    integrity sha1-I7CNdA6D9JxeWZRfvxtD6Au/Tts=
    dependencies:
      "@babel/highlight" "^7.14.5"
  
  "@babel/compat-data@^7.14.5":
    version "7.14.7"
    resolved "https://registry.nlark.com/@babel/compat-data/download/@babel/compat-data-7.14.7.tgz#7b047d7a3a89a67d2258dc61f604f098f1bc7e08"
    integrity sha1-ewR9ejqJpn0iWNxh9gTwmPG8fgg=
  
  "@babel/core@^7.14.6":
    version "7.14.6"
    resolved "https://registry.nlark.com/@babel/core/download/@babel/core-7.14.6.tgz#e0814ec1a950032ff16c13a2721de39a8416fcab"
    integrity sha1-4IFOwalQAy/xbBOich3jmoQW/Ks=
    dependencies:
      "@babel/code-frame" "^7.14.5"
      "@babel/generator" "^7.14.5"
      "@babel/helper-compilation-targets" "^7.14.5"
      "@babel/helper-module-transforms" "^7.14.5"
      "@babel/helpers" "^7.14.6"
      "@babel/parser" "^7.14.6"
      "@babel/template" "^7.14.5"
      "@babel/traverse" "^7.14.5"
      "@babel/types" "^7.14.5"
      convert-source-map "^1.7.0"
      debug "^4.1.0"
      gensync "^1.0.0-beta.2"
      json5 "^2.1.2"
      semver "^6.3.0"
      source-map "^0.5.0"
  
  "@babel/generator@^7.14.5":
    version "7.14.5"
    resolved "https://registry.nlark.com/@babel/generator/download/@babel/generator-7.14.5.tgz#848d7b9f031caca9d0cd0af01b063f226f52d785"
    integrity sha1-hI17nwMcrKnQzQrwGwY/Im9S14U=
    dependencies:
      "@babel/types" "^7.14.5"
      jsesc "^2.5.1"
      source-map "^0.5.0"
  
  "@babel/helper-compilation-targets@^7.14.5":
    version "7.14.5"
    resolved "https://registry.nlark.com/@babel/helper-compilation-targets/download/@babel/helper-compilation-targets-7.14.5.tgz?cache=0&sync_timestamp=1623280459319&other_urls=https%3A%2F%2Fregistry.nlark.com%2F%40babel%2Fhelper-compilation-targets%2Fdownload%2F%40babel%2Fhelper-compilation-targets-7.14.5.tgz#7a99c5d0967911e972fe2c3411f7d5b498498ecf"
    integrity sha1-epnF0JZ5Eely/iw0EffVtJhJjs8=
    dependencies:
      "@babel/compat-data" "^7.14.5"
      "@babel/helper-validator-option" "^7.14.5"
      browserslist "^4.16.6"
      semver "^6.3.0"
  
  "@babel/helper-function-name@^7.14.5":
    version "7.14.5"
    resolved "https://registry.nlark.com/@babel/helper-function-name/download/@babel/helper-function-name-7.14.5.tgz#89e2c474972f15d8e233b52ee8c480e2cfcd50c4"
    integrity sha1-ieLEdJcvFdjiM7Uu6MSA4s/NUMQ=
    dependencies:
      "@babel/helper-get-function-arity" "^7.14.5"
      "@babel/template" "^7.14.5"
      "@babel/types" "^7.14.5"
  
  "@babel/helper-get-function-arity@^7.14.5":
    version "7.14.5"
    resolved "https://registry.nlark.com/@babel/helper-get-function-arity/download/@babel/helper-get-function-arity-7.14.5.tgz#25fbfa579b0937eee1f3b805ece4ce398c431815"
    integrity sha1-Jfv6V5sJN+7h87gF7OTOOYxDGBU=
    dependencies:
      "@babel/types" "^7.14.5"
  
  "@babel/helper-hoist-variables@^7.14.5":
    version "7.14.5"
    resolved "https://registry.nlark.com/@babel/helper-hoist-variables/download/@babel/helper-hoist-variables-7.14.5.tgz#e0dd27c33a78e577d7c8884916a3e7ef1f7c7f8d"
    integrity sha1-4N0nwzp45XfXyIhJFqPn7x98f40=
    dependencies:
      "@babel/types" "^7.14.5"
  
  "@babel/helper-member-expression-to-functions@^7.14.5":
    version "7.14.7"
    resolved "https://registry.nlark.com/@babel/helper-member-expression-to-functions/download/@babel/helper-member-expression-to-functions-7.14.7.tgz#97e56244beb94211fe277bd818e3a329c66f7970"
    integrity sha1-l+ViRL65QhH+J3vYGOOjKcZveXA=
    dependencies:
      "@babel/types" "^7.14.5"
  
  "@babel/helper-module-imports@^7.10.4", "@babel/helper-module-imports@^7.14.5":
    version "7.14.5"
    resolved "https://registry.nlark.com/@babel/helper-module-imports/download/@babel/helper-module-imports-7.14.5.tgz#6d1a44df6a38c957aa7c312da076429f11b422f3"
    integrity sha1-bRpE32o4yVeqfDEtoHZCnxG0IvM=
    dependencies:
      "@babel/types" "^7.14.5"
  
  "@babel/helper-module-transforms@^7.14.5":
    version "7.14.5"
    resolved "https://registry.nlark.com/@babel/helper-module-transforms/download/@babel/helper-module-transforms-7.14.5.tgz?cache=0&sync_timestamp=1623280405923&other_urls=https%3A%2F%2Fregistry.nlark.com%2F%40babel%2Fhelper-module-transforms%2Fdownload%2F%40babel%2Fhelper-module-transforms-7.14.5.tgz#7de42f10d789b423eb902ebd24031ca77cb1e10e"
    integrity sha1-feQvENeJtCPrkC69JAMcp3yx4Q4=
    dependencies:
      "@babel/helper-module-imports" "^7.14.5"
      "@babel/helper-replace-supers" "^7.14.5"
      "@babel/helper-simple-access" "^7.14.5"
      "@babel/helper-split-export-declaration" "^7.14.5"
      "@babel/helper-validator-identifier" "^7.14.5"
      "@babel/template" "^7.14.5"
      "@babel/traverse" "^7.14.5"
      "@babel/types" "^7.14.5"
  
  "@babel/helper-optimise-call-expression@^7.14.5":
    version "7.14.5"
    resolved "https://registry.nlark.com/@babel/helper-optimise-call-expression/download/@babel/helper-optimise-call-expression-7.14.5.tgz#f27395a8619e0665b3f0364cddb41c25d71b499c"
    integrity sha1-8nOVqGGeBmWz8DZM3bQcJdcbSZw=
    dependencies:
      "@babel/types" "^7.14.5"
  
  "@babel/helper-replace-supers@^7.14.5":
    version "7.14.5"
    resolved "https://registry.nlark.com/@babel/helper-replace-supers/download/@babel/helper-replace-supers-7.14.5.tgz?cache=0&sync_timestamp=1623280460433&other_urls=https%3A%2F%2Fregistry.nlark.com%2F%40babel%2Fhelper-replace-supers%2Fdownload%2F%40babel%2Fhelper-replace-supers-7.14.5.tgz#0ecc0b03c41cd567b4024ea016134c28414abb94"
    integrity sha1-DswLA8Qc1We0Ak6gFhNMKEFKu5Q=
    dependencies:
      "@babel/helper-member-expression-to-functions" "^7.14.5"
      "@babel/helper-optimise-call-expression" "^7.14.5"
      "@babel/traverse" "^7.14.5"
      "@babel/types" "^7.14.5"
  
  "@babel/helper-simple-access@^7.14.5":
    version "7.14.5"
    resolved "https://registry.nlark.com/@babel/helper-simple-access/download/@babel/helper-simple-access-7.14.5.tgz#66ea85cf53ba0b4e588ba77fc813f53abcaa41c4"
    integrity sha1-ZuqFz1O6C05Yi6d/yBP1OryqQcQ=
    dependencies:
      "@babel/types" "^7.14.5"
  
  "@babel/helper-split-export-declaration@^7.14.5":
    version "7.14.5"
    resolved "https://registry.nlark.com/@babel/helper-split-export-declaration/download/@babel/helper-split-export-declaration-7.14.5.tgz#22b23a54ef51c2b7605d851930c1976dd0bc693a"
    integrity sha1-IrI6VO9RwrdgXYUZMMGXbdC8aTo=
    dependencies:
      "@babel/types" "^7.14.5"
  
  "@babel/helper-validator-identifier@^7.14.5":
    version "7.14.5"
    resolved "https://registry.nlark.com/@babel/helper-validator-identifier/download/@babel/helper-validator-identifier-7.14.5.tgz?cache=0&sync_timestamp=1623280410862&other_urls=https%3A%2F%2Fregistry.nlark.com%2F%40babel%2Fhelper-validator-identifier%2Fdownload%2F%40babel%2Fhelper-validator-identifier-7.14.5.tgz#d0f0e277c512e0c938277faa85a3968c9a44c0e8"
    integrity sha1-0PDid8US4Mk4J3+qhaOWjJpEwOg=
  
  "@babel/helper-validator-option@^7.14.5":
    version "7.14.5"
    resolved "https://registry.nlark.com/@babel/helper-validator-option/download/@babel/helper-validator-option-7.14.5.tgz?cache=0&sync_timestamp=1623280454131&other_urls=https%3A%2F%2Fregistry.nlark.com%2F%40babel%2Fhelper-validator-option%2Fdownload%2F%40babel%2Fhelper-validator-option-7.14.5.tgz#6e72a1fff18d5dfcb878e1e62f1a021c4b72d5a3"
    integrity sha1-bnKh//GNXfy4eOHmLxoCHEty1aM=
  
  "@babel/helpers@^7.14.6":
    version "7.14.6"
    resolved "https://registry.nlark.com/@babel/helpers/download/@babel/helpers-7.14.6.tgz#5b58306b95f1b47e2a0199434fa8658fa6c21635"
    integrity sha1-W1gwa5XxtH4qAZlDT6hlj6bCFjU=
    dependencies:
      "@babel/template" "^7.14.5"
      "@babel/traverse" "^7.14.5"
      "@babel/types" "^7.14.5"
  
  "@babel/highlight@^7.14.5":
    version "7.14.5"
    resolved "https://registry.nlark.com/@babel/highlight/download/@babel/highlight-7.14.5.tgz?cache=0&sync_timestamp=1623280566358&other_urls=https%3A%2F%2Fregistry.nlark.com%2F%40babel%2Fhighlight%2Fdownload%2F%40babel%2Fhighlight-7.14.5.tgz#6861a52f03966405001f6aa534a01a24d99e8cd9"
    integrity sha1-aGGlLwOWZAUAH2qlNKAaJNmejNk=
    dependencies:
      "@babel/helper-validator-identifier" "^7.14.5"
      chalk "^2.0.0"
      js-tokens "^4.0.0"
  
  "@babel/parser@^7.12.0", "@babel/parser@^7.13.9", "@babel/parser@^7.14.5", "@babel/parser@^7.14.6", "@babel/parser@^7.14.7":
    version "7.14.7"
    resolved "https://registry.nlark.com/@babel/parser/download/@babel/parser-7.14.7.tgz#6099720c8839ca865a2637e6c85852ead0bdb595"
    integrity sha1-YJlyDIg5yoZaJjfmyFhS6tC9tZU=
  
  "@babel/template@^7.14.5":
    version "7.14.5"
    resolved "https://registry.nlark.com/@babel/template/download/@babel/template-7.14.5.tgz?cache=0&sync_timestamp=1623280455170&other_urls=https%3A%2F%2Fregistry.nlark.com%2F%40babel%2Ftemplate%2Fdownload%2F%40babel%2Ftemplate-7.14.5.tgz#a9bc9d8b33354ff6e55a9c60d1109200a68974f4"
    integrity sha1-qbydizM1T/blWpxg0RCSAKaJdPQ=
    dependencies:
      "@babel/code-frame" "^7.14.5"
      "@babel/parser" "^7.14.5"
      "@babel/types" "^7.14.5"
  
  "@babel/traverse@^7.14.5":
    version "7.14.7"
    resolved "https://registry.nlark.com/@babel/traverse/download/@babel/traverse-7.14.7.tgz#64007c9774cfdc3abd23b0780bc18a3ce3631753"
    integrity sha1-ZAB8l3TP3Dq9I7B4C8GKPONjF1M=
    dependencies:
      "@babel/code-frame" "^7.14.5"
      "@babel/generator" "^7.14.5"
      "@babel/helper-function-name" "^7.14.5"
      "@babel/helper-hoist-variables" "^7.14.5"
      "@babel/helper-split-export-declaration" "^7.14.5"
      "@babel/parser" "^7.14.7"
      "@babel/types" "^7.14.5"
      debug "^4.1.0"
      globals "^11.1.0"
  
  "@babel/types@^7.12.0", "@babel/types@^7.13.0", "@babel/types@^7.14.5":
    version "7.14.5"
    resolved "https://registry.nlark.com/@babel/types/download/@babel/types-7.14.5.tgz#3bb997ba829a2104cedb20689c4a5b8121d383ff"
    integrity sha1-O7mXuoKaIQTO2yBonEpbgSHTg/8=
    dependencies:
      "@babel/helper-validator-identifier" "^7.14.5"
      to-fast-properties "^2.0.0"
  
  "@rollup/plugin-babel@^5.3.0":
    version "5.3.0"
    resolved "https://registry.npm.taobao.org/@rollup/plugin-babel/download/@rollup/plugin-babel-5.3.0.tgz#9cb1c5146ddd6a4968ad96f209c50c62f92f9879"
    integrity sha1-nLHFFG3daklorZbyCcUMYvkvmHk=
    dependencies:
      "@babel/helper-module-imports" "^7.10.4"
      "@rollup/pluginutils" "^3.1.0"
  
  "@rollup/pluginutils@^3.1.0":
    version "3.1.0"
    resolved "https://registry.npm.taobao.org/@rollup/pluginutils/download/@rollup/pluginutils-3.1.0.tgz#706b4524ee6dc8b103b3c995533e5ad680c02b9b"
    integrity sha1-cGtFJO5tyLEDs8mVUz5a1oDAK5s=
    dependencies:
      "@types/estree" "0.0.39"
      estree-walker "^1.0.1"
      picomatch "^2.2.2"
  
  "@types/estree@0.0.39":
    version "0.0.39"
    resolved "https://registry.nlark.com/@types/estree/download/@types/estree-0.0.39.tgz#e177e699ee1b8c22d23174caaa7422644389509f"
    integrity sha1-4Xfmme4bjCLSMXTKqnQiZEOJUJ8=
  
  "@types/estree@^0.0.48":
    version "0.0.48"
    resolved "https://registry.nlark.com/@types/estree/download/@types/estree-0.0.48.tgz#18dc8091b285df90db2f25aa7d906cfc394b7f74"
    integrity sha1-GNyAkbKF35DbLyWqfZBs/DlLf3Q=
  
  "@types/node@*":
    version "16.0.0"
    resolved "https://registry.nlark.com/@types/node/download/@types/node-16.0.0.tgz#067a6c49dc7a5c2412a505628e26902ae967bf6f"
    integrity sha1-BnpsSdx6XCQSpQVijiaQKulnv28=
  
  "@vue/compiler-core@3.1.4":
    version "3.1.4"
    resolved "https://registry.nlark.com/@vue/compiler-core/download/@vue/compiler-core-3.1.4.tgz#a3a74cf52e8f01af386d364ac8a099cbeb260424"
    integrity sha1-o6dM9S6PAa84bTZKyKCZy+smBCQ=
    dependencies:
      "@babel/parser" "^7.12.0"
      "@babel/types" "^7.12.0"
      "@vue/shared" "3.1.4"
      estree-walker "^2.0.1"
      source-map "^0.6.1"
  
  "@vue/compiler-dom@3.1.4":
    version "3.1.4"
    resolved "https://registry.nlark.com/@vue/compiler-dom/download/@vue/compiler-dom-3.1.4.tgz#bf3795e1449f32c965d38c4ea6d808ca05fdfc97"
    integrity sha1-vzeV4USfMsll04xOptgIygX9/Jc=
    dependencies:
      "@vue/compiler-core" "3.1.4"
      "@vue/shared" "3.1.4"
  
  "@vue/compiler-sfc@^3.1.4":
    version "3.1.4"
    resolved "https://registry.nlark.com/@vue/compiler-sfc/download/@vue/compiler-sfc-3.1.4.tgz#93e87db950e0711339c18baa7bb7d28d3522d7bc"
    integrity sha1-k+h9uVDgcRM5wYuqe7fSjTUi17w=
    dependencies:
      "@babel/parser" "^7.13.9"
      "@babel/types" "^7.13.0"
      "@types/estree" "^0.0.48"
      "@vue/compiler-core" "3.1.4"
      "@vue/compiler-dom" "3.1.4"
      "@vue/compiler-ssr" "3.1.4"
      "@vue/shared" "3.1.4"
      consolidate "^0.16.0"
      estree-walker "^2.0.1"
      hash-sum "^2.0.0"
      lru-cache "^5.1.1"
      magic-string "^0.25.7"
      merge-source-map "^1.1.0"
      postcss "^8.1.10"
      postcss-modules "^4.0.0"
      postcss-selector-parser "^6.0.4"
      source-map "^0.6.1"
  
  "@vue/compiler-ssr@3.1.4":
    version "3.1.4"
    resolved "https://registry.nlark.com/@vue/compiler-ssr/download/@vue/compiler-ssr-3.1.4.tgz#7f6eaac5b1851fc15c82c083e8179eb1216b303c"
    integrity sha1-f26qxbGFH8FcgsCD6BeesSFrMDw=
    dependencies:
      "@vue/compiler-dom" "3.1.4"
      "@vue/shared" "3.1.4"
  
  "@vue/reactivity@3.1.4":
    version "3.1.4"
    resolved "https://registry.nlark.com/@vue/reactivity/download/@vue/reactivity-3.1.4.tgz#d926ed46fb0d48582ccf8665b062d37b5d35ba99"
    integrity sha1-2SbtRvsNSFgsz4ZlsGLTe101upk=
    dependencies:
      "@vue/shared" "3.1.4"
  
  "@vue/runtime-core@3.1.4":
    version "3.1.4"
    resolved "https://registry.nlark.com/@vue/runtime-core/download/@vue/runtime-core-3.1.4.tgz#3e30ae6ecbfff06df5adc9414491143191a375ba"
    integrity sha1-PjCubsv/8G31rclBRJEUMZGjdbo=
    dependencies:
      "@vue/reactivity" "3.1.4"
      "@vue/shared" "3.1.4"
  
  "@vue/runtime-dom@3.1.4":
    version "3.1.4"
    resolved "https://registry.nlark.com/@vue/runtime-dom/download/@vue/runtime-dom-3.1.4.tgz#acfeee200d5c45fc2cbdf7058cda1498f9b45849"
    integrity sha1-rP7uIA1cRfwsvfcFjNoUmPm0WEk=
    dependencies:
      "@vue/runtime-core" "3.1.4"
      "@vue/shared" "3.1.4"
      csstype "^2.6.8"
  
  "@vue/shared@3.1.4":
    version "3.1.4"
    resolved "https://registry.nlark.com/@vue/shared/download/@vue/shared-3.1.4.tgz#c14c461ec42ea2c1556e86f60b0354341d91adc3"
    integrity sha1-wUxGHsQuosFVbob2CwNUNB2RrcM=
  
  ansi-styles@^3.2.1:
    version "3.2.1"
    resolved "https://registry.nlark.com/ansi-styles/download/ansi-styles-3.2.1.tgz?cache=0&sync_timestamp=1618995547052&other_urls=https%3A%2F%2Fregistry.nlark.com%2Fansi-styles%2Fdownload%2Fansi-styles-3.2.1.tgz#41fbb20243e50b12be0f04b8dedbf07520ce841d"
    integrity sha1-QfuyAkPlCxK+DwS43tvwdSDOhB0=
    dependencies:
      color-convert "^1.9.0"
  
  babel@^6.23.0:
    version "6.23.0"
    resolved "https://registry.npm.taobao.org/babel/download/babel-6.23.0.tgz#d0d1e7d803e974765beea3232d4e153c0efb90f4"
    integrity sha1-0NHn2APpdHZb7qMjLU4VPA77kPQ=
  
  big.js@^5.2.2:
    version "5.2.2"
    resolved "https://registry.nlark.com/big.js/download/big.js-5.2.2.tgz?cache=0&sync_timestamp=1620132748267&other_urls=https%3A%2F%2Fregistry.nlark.com%2Fbig.js%2Fdownload%2Fbig.js-5.2.2.tgz#65f0af382f578bcdc742bd9c281e9cb2d7768328"
    integrity sha1-ZfCvOC9Xi83HQr2cKB6cstd2gyg=
  
  bluebird@^3.7.2:
    version "3.7.2"
    resolved "https://registry.npm.taobao.org/bluebird/download/bluebird-3.7.2.tgz#9f229c15be272454ffa973ace0dbee79a1b0c36f"
    integrity sha1-nyKcFb4nJFT/qXOs4NvueaGww28=
  
  browserslist@^4.16.6:
    version "4.16.6"
    resolved "https://registry.nlark.com/browserslist/download/browserslist-4.16.6.tgz?cache=0&sync_timestamp=1619789072079&other_urls=https%3A%2F%2Fregistry.nlark.com%2Fbrowserslist%2Fdownload%2Fbrowserslist-4.16.6.tgz#d7901277a5a88e554ed305b183ec9b0c08f66fa2"
    integrity sha1-15ASd6WojlVO0wWxg+ybDAj2b6I=
    dependencies:
      caniuse-lite "^1.0.30001219"
      colorette "^1.2.2"
      electron-to-chromium "^1.3.723"
      escalade "^3.1.1"
      node-releases "^1.1.71"
  
  buffer-from@^1.0.0:
    version "1.1.1"
    resolved "https://registry.npm.taobao.org/buffer-from/download/buffer-from-1.1.1.tgz#32713bc028f75c02fdb710d7c7bcec1f2c6070ef"
    integrity sha1-MnE7wCj3XAL9txDXx7zsHyxgcO8=
  
  caniuse-lite@^1.0.30001219:
    version "1.0.30001243"
    resolved "https://registry.nlark.com/caniuse-lite/download/caniuse-lite-1.0.30001243.tgz?cache=0&sync_timestamp=1625637038563&other_urls=https%3A%2F%2Fregistry.nlark.com%2Fcaniuse-lite%2Fdownload%2Fcaniuse-lite-1.0.30001243.tgz#d9250155c91e872186671c523f3ae50cfc94a3aa"
    integrity sha1-2SUBVckehyGGZxxSPzrlDPyUo6o=
  
  chalk@^2.0.0:
    version "2.4.2"
    resolved "https://registry.nlark.com/chalk/download/chalk-2.4.2.tgz?cache=0&sync_timestamp=1618995355917&other_urls=https%3A%2F%2Fregistry.nlark.com%2Fchalk%2Fdownload%2Fchalk-2.4.2.tgz#cd42541677a54333cf541a49108c1432b44c9424"
    integrity sha1-zUJUFnelQzPPVBpJEIwUMrRMlCQ=
    dependencies:
      ansi-styles "^3.2.1"
      escape-string-regexp "^1.0.5"
      supports-color "^5.3.0"
  
  color-convert@^1.9.0:
    version "1.9.3"
    resolved "https://registry.npm.taobao.org/color-convert/download/color-convert-1.9.3.tgz#bb71850690e1f136567de629d2d5471deda4c1e8"
    integrity sha1-u3GFBpDh8TZWfeYp0tVHHe2kweg=
    dependencies:
      color-name "1.1.3"
  
  color-name@1.1.3:
    version "1.1.3"
    resolved "https://registry.npm.taobao.org/color-name/download/color-name-1.1.3.tgz#a7d0558bd89c42f795dd42328f740831ca53bc25"
    integrity sha1-p9BVi9icQveV3UIyj3QIMcpTvCU=
  
  colorette@^1.2.2:
    version "1.2.2"
    resolved "https://registry.npm.taobao.org/colorette/download/colorette-1.2.2.tgz?cache=0&sync_timestamp=1614259591258&other_urls=https%3A%2F%2Fregistry.npm.taobao.org%2Fcolorette%2Fdownload%2Fcolorette-1.2.2.tgz#cbcc79d5e99caea2dbf10eb3a26fd8b3e6acfa94"
    integrity sha1-y8x51emcrqLb8Q6zom/Ys+as+pQ=
  
  commander@^2.20.0:
    version "2.20.3"
    resolved "https://registry.nlark.com/commander/download/commander-2.20.3.tgz?cache=0&other_urls=https%3A%2F%2Fregistry.nlark.com%2Fcommander%2Fdownload%2Fcommander-2.20.3.tgz#fd485e84c03eb4881c20722ba48035e8531aeb33"
    integrity sha1-/UhehMA+tIgcIHIrpIA16FMa6zM=
  
  consolidate@^0.16.0:
    version "0.16.0"
    resolved "https://registry.npm.taobao.org/consolidate/download/consolidate-0.16.0.tgz#a11864768930f2f19431660a65906668f5fbdc16"
    integrity sha1-oRhkdokw8vGUMWYKZZBmaPX73BY=
    dependencies:
      bluebird "^3.7.2"
  
  convert-source-map@^1.7.0:
    version "1.8.0"
    resolved "https://registry.nlark.com/convert-source-map/download/convert-source-map-1.8.0.tgz?cache=0&sync_timestamp=1624046009468&other_urls=https%3A%2F%2Fregistry.nlark.com%2Fconvert-source-map%2Fdownload%2Fconvert-source-map-1.8.0.tgz#f3373c32d21b4d780dd8004514684fb791ca4369"
    integrity sha1-8zc8MtIbTXgN2ABFFGhPt5HKQ2k=
    dependencies:
      safe-buffer "~5.1.1"
  
  cssesc@^3.0.0:
    version "3.0.0"
    resolved "https://registry.npm.taobao.org/cssesc/download/cssesc-3.0.0.tgz#37741919903b868565e1c09ea747445cd18983ee"
    integrity sha1-N3QZGZA7hoVl4cCep0dEXNGJg+4=
  
  csstype@^2.6.8:
    version "2.6.17"
    resolved "https://registry.nlark.com/csstype/download/csstype-2.6.17.tgz#4cf30eb87e1d1a005d8b6510f95292413f6a1c0e"
    integrity sha1-TPMOuH4dGgBdi2UQ+VKSQT9qHA4=
  
  debug@^4.1.0, debug@^4.1.1:
    version "4.3.2"
    resolved "https://registry.nlark.com/debug/download/debug-4.3.2.tgz?cache=0&other_urls=https%3A%2F%2Fregistry.nlark.com%2Fdebug%2Fdownload%2Fdebug-4.3.2.tgz#f0a49c18ac8779e31d4a0c6029dfb76873c7428b"
    integrity sha1-8KScGKyHeeMdSgxgKd+3aHPHQos=
    dependencies:
      ms "2.1.2"
  
  electron-to-chromium@^1.3.723:
    version "1.3.769"
    resolved "https://registry.nlark.com/electron-to-chromium/download/electron-to-chromium-1.3.769.tgz#73ad7e3f2d435810b6f8b29617ec344c782fcbed"
    integrity sha1-c61+Py1DWBC2+LKWF+w0THgvy+0=
  
  emojis-list@^3.0.0:
    version "3.0.0"
    resolved "https://registry.npm.taobao.org/emojis-list/download/emojis-list-3.0.0.tgz#5570662046ad29e2e916e71aae260abdff4f6a78"
    integrity sha1-VXBmIEatKeLpFucariYKvf9Pang=
  
  escalade@^3.1.1:
    version "3.1.1"
    resolved "https://registry.npm.taobao.org/escalade/download/escalade-3.1.1.tgz?cache=0&sync_timestamp=1602567259580&other_urls=https%3A%2F%2Fregistry.npm.taobao.org%2Fescalade%2Fdownload%2Fescalade-3.1.1.tgz#d8cfdc7000965c5a0174b4a82eaa5c0552742e40"
    integrity sha1-2M/ccACWXFoBdLSoLqpcBVJ0LkA=
  
  escape-string-regexp@^1.0.5:
    version "1.0.5"
    resolved "https://registry.npm.taobao.org/escape-string-regexp/download/escape-string-regexp-1.0.5.tgz#1b61c0562190a8dff6ae3bb2cf0200ca130b86d4"
    integrity sha1-G2HAViGQqN/2rjuyzwIAyhMLhtQ=
  
  estree-walker@^0.6.1:
    version "0.6.1"
    resolved "https://registry.npm.taobao.org/estree-walker/download/estree-walker-0.6.1.tgz?cache=0&sync_timestamp=1611956983677&other_urls=https%3A%2F%2Fregistry.npm.taobao.org%2Festree-walker%2Fdownload%2Festree-walker-0.6.1.tgz#53049143f40c6eb918b23671d1fe3219f3a1b362"
    integrity sha1-UwSRQ/QMbrkYsjZx0f4yGfOhs2I=
  
  estree-walker@^1.0.1:
    version "1.0.1"
    resolved "https://registry.npm.taobao.org/estree-walker/download/estree-walker-1.0.1.tgz?cache=0&sync_timestamp=1611956983677&other_urls=https%3A%2F%2Fregistry.npm.taobao.org%2Festree-walker%2Fdownload%2Festree-walker-1.0.1.tgz#31bc5d612c96b704106b477e6dd5d8aa138cb700"
    integrity sha1-MbxdYSyWtwQQa0d+bdXYqhOMtwA=
  
  estree-walker@^2.0.1:
    version "2.0.2"
    resolved "https://registry.npm.taobao.org/estree-walker/download/estree-walker-2.0.2.tgz?cache=0&sync_timestamp=1611956983677&other_urls=https%3A%2F%2Fregistry.npm.taobao.org%2Festree-walker%2Fdownload%2Festree-walker-2.0.2.tgz#52f010178c2a4c117a7757cfe942adb7d2da4cac"
    integrity sha1-UvAQF4wqTBF6d1fP6UKtt9LaTKw=
  
  generic-names@^2.0.1:
    version "2.0.1"
    resolved "https://registry.npm.taobao.org/generic-names/download/generic-names-2.0.1.tgz?cache=0&sync_timestamp=1603542269880&other_urls=https%3A%2F%2Fregistry.npm.taobao.org%2Fgeneric-names%2Fdownload%2Fgeneric-names-2.0.1.tgz#f8a378ead2ccaa7a34f0317b05554832ae41b872"
    integrity sha1-+KN46tLMqno08DF7BVVIMq5BuHI=
    dependencies:
      loader-utils "^1.1.0"
  
  gensync@^1.0.0-beta.2:
    version "1.0.0-beta.2"
    resolved "https://registry.npm.taobao.org/gensync/download/gensync-1.0.0-beta.2.tgz?cache=0&sync_timestamp=1603829637456&other_urls=https%3A%2F%2Fregistry.npm.taobao.org%2Fgensync%2Fdownload%2Fgensync-1.0.0-beta.2.tgz#32a6ee76c3d7f52d46b2b1ae5d93fea8580a25e0"
    integrity sha1-MqbudsPX9S1GsrGuXZP+qFgKJeA=
  
  globals@^11.1.0:
    version "11.12.0"
    resolved "https://registry.nlark.com/globals/download/globals-11.12.0.tgz#ab8795338868a0babd8525758018c2a7eb95c42e"
    integrity sha1-q4eVM4hooLq9hSV1gBjCp+uVxC4=
  
  has-flag@^3.0.0:
    version "3.0.0"
    resolved "https://registry.npm.taobao.org/has-flag/download/has-flag-3.0.0.tgz#b5d454dc2199ae225699f3467e5a07f3b955bafd"
    integrity sha1-tdRU3CGZriJWmfNGfloH87lVuv0=
  
  has-flag@^4.0.0:
    version "4.0.0"
    resolved "https://registry.npm.taobao.org/has-flag/download/has-flag-4.0.0.tgz#944771fd9c81c81265c4d6941860da06bb59479b"
    integrity sha1-lEdx/ZyByBJlxNaUGGDaBrtZR5s=
  
  hash-sum@^2.0.0:
    version "2.0.0"
    resolved "https://registry.npm.taobao.org/hash-sum/download/hash-sum-2.0.0.tgz#81d01bb5de8ea4a214ad5d6ead1b523460b0b45a"
    integrity sha1-gdAbtd6OpKIUrV1urRtSNGCwtFo=
  
  icss-replace-symbols@^1.1.0:
    version "1.1.0"
    resolved "https://registry.npm.taobao.org/icss-replace-symbols/download/icss-replace-symbols-1.1.0.tgz#06ea6f83679a7749e386cfe1fe812ae5db223ded"
    integrity sha1-Bupvg2ead0njhs/h/oEq5dsiPe0=
  
  icss-utils@^5.0.0:
    version "5.1.0"
    resolved "https://registry.npm.taobao.org/icss-utils/download/icss-utils-5.1.0.tgz?cache=0&sync_timestamp=1605801297051&other_urls=https%3A%2F%2Fregistry.npm.taobao.org%2Ficss-utils%2Fdownload%2Ficss-utils-5.1.0.tgz#c6be6858abd013d768e98366ae47e25d5887b1ae"
    integrity sha1-xr5oWKvQE9do6YNmrkfiXViHsa4=
  
  jest-worker@^26.2.1:
    version "26.6.2"
    resolved "https://registry.nlark.com/jest-worker/download/jest-worker-26.6.2.tgz#7f72cbc4d643c365e27b9fd775f9d0eaa9c7a8ed"
    integrity sha1-f3LLxNZDw2Xie5/XdfnQ6qnHqO0=
    dependencies:
      "@types/node" "*"
      merge-stream "^2.0.0"
      supports-color "^7.0.0"
  
  js-tokens@^4.0.0:
    version "4.0.0"
    resolved "https://registry.nlark.com/js-tokens/download/js-tokens-4.0.0.tgz#19203fb59991df98e3a287050d4647cdeaf32499"
    integrity sha1-GSA/tZmR35jjoocFDUZHzerzJJk=
  
  jsesc@^2.5.1:
    version "2.5.2"
    resolved "https://registry.npm.taobao.org/jsesc/download/jsesc-2.5.2.tgz?cache=0&sync_timestamp=1603891175833&other_urls=https%3A%2F%2Fregistry.npm.taobao.org%2Fjsesc%2Fdownload%2Fjsesc-2.5.2.tgz#80564d2e483dacf6e8ef209650a67df3f0c283a4"
    integrity sha1-gFZNLkg9rPbo7yCWUKZ98/DCg6Q=
  
  json5@^1.0.1:
    version "1.0.1"
    resolved "https://registry.npm.taobao.org/json5/download/json5-1.0.1.tgz?cache=0&sync_timestamp=1612146215945&other_urls=https%3A%2F%2Fregistry.npm.taobao.org%2Fjson5%2Fdownload%2Fjson5-1.0.1.tgz#779fb0018604fa854eacbf6252180d83543e3dbe"
    integrity sha1-d5+wAYYE+oVOrL9iUhgNg1Q+Pb4=
    dependencies:
      minimist "^1.2.0"
  
  json5@^2.1.2:
    version "2.2.0"
    resolved "https://registry.npm.taobao.org/json5/download/json5-2.2.0.tgz?cache=0&sync_timestamp=1612146215945&other_urls=https%3A%2F%2Fregistry.npm.taobao.org%2Fjson5%2Fdownload%2Fjson5-2.2.0.tgz#2dfefe720c6ba525d9ebd909950f0515316c89a3"
    integrity sha1-Lf7+cgxrpSXZ69kJlQ8FFTFsiaM=
    dependencies:
      minimist "^1.2.5"
  
  loader-utils@^1.1.0:
    version "1.4.0"
    resolved "https://registry.npm.taobao.org/loader-utils/download/loader-utils-1.4.0.tgz#c579b5e34cb34b1a74edc6c1fb36bfa371d5a613"
    integrity sha1-xXm140yzSxp07cbB+za/o3HVphM=
    dependencies:
      big.js "^5.2.2"
      emojis-list "^3.0.0"
      json5 "^1.0.1"
  
  lodash.camelcase@^4.3.0:
    version "4.3.0"
    resolved "https://registry.npm.taobao.org/lodash.camelcase/download/lodash.camelcase-4.3.0.tgz#b28aa6288a2b9fc651035c7711f65ab6190331a6"
    integrity sha1-soqmKIorn8ZRA1x3EfZathkDMaY=
  
  lru-cache@^5.1.1:
    version "5.1.1"
    resolved "https://registry.npm.taobao.org/lru-cache/download/lru-cache-5.1.1.tgz?cache=0&sync_timestamp=1594427484405&other_urls=https%3A%2F%2Fregistry.npm.taobao.org%2Flru-cache%2Fdownload%2Flru-cache-5.1.1.tgz#1da27e6710271947695daf6848e847f01d84b920"
    integrity sha1-HaJ+ZxAnGUdpXa9oSOhH8B2EuSA=
    dependencies:
      yallist "^3.0.2"
  
  magic-string@^0.25.7:
    version "0.25.7"
    resolved "https://registry.npm.taobao.org/magic-string/download/magic-string-0.25.7.tgz#3f497d6fd34c669c6798dcb821f2ef31f5445051"
    integrity sha1-P0l9b9NMZpxnmNy4IfLvMfVEUFE=
    dependencies:
      sourcemap-codec "^1.4.4"
  
  merge-source-map@^1.1.0:
    version "1.1.0"
    resolved "https://registry.npm.taobao.org/merge-source-map/download/merge-source-map-1.1.0.tgz#2fdde7e6020939f70906a68f2d7ae685e4c8c646"
    integrity sha1-L93n5gIJOfcJBqaPLXrmheTIxkY=
    dependencies:
      source-map "^0.6.1"
  
  merge-stream@^2.0.0:
    version "2.0.0"
    resolved "https://registry.npm.taobao.org/merge-stream/download/merge-stream-2.0.0.tgz#52823629a14dd00c9770fb6ad47dc6310f2c1f60"
    integrity sha1-UoI2KaFN0AyXcPtq1H3GMQ8sH2A=
  
  minimist@^1.2.0, minimist@^1.2.5:
    version "1.2.5"
    resolved "https://registry.npm.taobao.org/minimist/download/minimist-1.2.5.tgz#67d66014b66a6a8aaa0c083c5fd58df4e4e97602"
    integrity sha1-Z9ZgFLZqaoqqDAg8X9WN9OTpdgI=
  
  ms@2.1.2:
    version "2.1.2"
    resolved "https://registry.npm.taobao.org/ms/download/ms-2.1.2.tgz?cache=0&sync_timestamp=1607433842694&other_urls=https%3A%2F%2Fregistry.npm.taobao.org%2Fms%2Fdownload%2Fms-2.1.2.tgz#d09d1f357b443f493382a8eb3ccd183872ae6009"
    integrity sha1-0J0fNXtEP0kzgqjrPM0YOHKuYAk=
  
  nanoid@^3.1.23:
    version "3.1.23"
    resolved "https://registry.nlark.com/nanoid/download/nanoid-3.1.23.tgz?cache=0&sync_timestamp=1620673983269&other_urls=https%3A%2F%2Fregistry.nlark.com%2Fnanoid%2Fdownload%2Fnanoid-3.1.23.tgz#f744086ce7c2bc47ee0a8472574d5c78e4183a81"
    integrity sha1-90QIbOfCvEfuCoRyV01ceOQYOoE=
  
  node-releases@^1.1.71:
    version "1.1.73"
    resolved "https://registry.nlark.com/node-releases/download/node-releases-1.1.73.tgz#dd4e81ddd5277ff846b80b52bb40c49edf7a7b20"
    integrity sha1-3U6B3dUnf/hGuAtSu0DEnt96eyA=
  
  picomatch@^2.2.2:
    version "2.3.0"
    resolved "https://registry.nlark.com/picomatch/download/picomatch-2.3.0.tgz?cache=0&sync_timestamp=1621648246651&other_urls=https%3A%2F%2Fregistry.nlark.com%2Fpicomatch%2Fdownload%2Fpicomatch-2.3.0.tgz#f1f061de8f6a4bf022892e2d128234fb98302972"
    integrity sha1-8fBh3o9qS/AiiS4tEoI0+5gwKXI=
  
  postcss-modules-extract-imports@^3.0.0:
    version "3.0.0"
    resolved "https://registry.nlark.com/postcss-modules-extract-imports/download/postcss-modules-extract-imports-3.0.0.tgz#cda1f047c0ae80c97dbe28c3e76a43b88025741d"
    integrity sha1-zaHwR8CugMl9vijD52pDuIAldB0=
  
  postcss-modules-local-by-default@^4.0.0:
    version "4.0.0"
    resolved "https://registry.npm.taobao.org/postcss-modules-local-by-default/download/postcss-modules-local-by-default-4.0.0.tgz?cache=0&sync_timestamp=1602587568476&other_urls=https%3A%2F%2Fregistry.npm.taobao.org%2Fpostcss-modules-local-by-default%2Fdownload%2Fpostcss-modules-local-by-default-4.0.0.tgz#ebbb54fae1598eecfdf691a02b3ff3b390a5a51c"
    integrity sha1-67tU+uFZjuz99pGgKz/zs5ClpRw=
    dependencies:
      icss-utils "^5.0.0"
      postcss-selector-parser "^6.0.2"
      postcss-value-parser "^4.1.0"
  
  postcss-modules-scope@^3.0.0:
    version "3.0.0"
    resolved "https://registry.npm.taobao.org/postcss-modules-scope/download/postcss-modules-scope-3.0.0.tgz?cache=0&sync_timestamp=1602593260387&other_urls=https%3A%2F%2Fregistry.npm.taobao.org%2Fpostcss-modules-scope%2Fdownload%2Fpostcss-modules-scope-3.0.0.tgz#9ef3151456d3bbfa120ca44898dfca6f2fa01f06"
    integrity sha1-nvMVFFbTu/oSDKRImN/Kby+gHwY=
    dependencies:
      postcss-selector-parser "^6.0.4"
  
  postcss-modules-values@^4.0.0:
    version "4.0.0"
    resolved "https://registry.nlark.com/postcss-modules-values/download/postcss-modules-values-4.0.0.tgz#d7c5e7e68c3bb3c9b27cbf48ca0bb3ffb4602c9c"
    integrity sha1-18Xn5ow7s8myfL9Iyguz/7RgLJw=
    dependencies:
      icss-utils "^5.0.0"
  
  postcss-modules@^4.0.0:
    version "4.1.3"
    resolved "https://registry.nlark.com/postcss-modules/download/postcss-modules-4.1.3.tgz#c4c4c41d98d97d24c70e88dacfc97af5a4b3e21d"
    integrity sha1-xMTEHZjZfSTHDojaz8l69aSz4h0=
    dependencies:
      generic-names "^2.0.1"
      icss-replace-symbols "^1.1.0"
      lodash.camelcase "^4.3.0"
      postcss-modules-extract-imports "^3.0.0"
      postcss-modules-local-by-default "^4.0.0"
      postcss-modules-scope "^3.0.0"
      postcss-modules-values "^4.0.0"
      string-hash "^1.1.1"
  
  postcss-selector-parser@^6.0.2, postcss-selector-parser@^6.0.4:
    version "6.0.6"
    resolved "https://registry.nlark.com/postcss-selector-parser/download/postcss-selector-parser-6.0.6.tgz?cache=0&sync_timestamp=1620752924836&other_urls=https%3A%2F%2Fregistry.nlark.com%2Fpostcss-selector-parser%2Fdownload%2Fpostcss-selector-parser-6.0.6.tgz#2c5bba8174ac2f6981ab631a42ab0ee54af332ea"
    integrity sha1-LFu6gXSsL2mBq2MaQqsO5UrzMuo=
    dependencies:
      cssesc "^3.0.0"
      util-deprecate "^1.0.2"
  
  postcss-value-parser@^4.1.0:
    version "4.1.0"
    resolved "https://registry.npm.taobao.org/postcss-value-parser/download/postcss-value-parser-4.1.0.tgz#443f6a20ced6481a2bda4fa8532a6e55d789a2cb"
    integrity sha1-RD9qIM7WSBor2k+oUypuVdeJoss=
  
  postcss@^8.1.10:
    version "8.3.5"
    resolved "https://registry.nlark.com/postcss/download/postcss-8.3.5.tgz#982216b113412bc20a86289e91eb994952a5b709"
    integrity sha1-mCIWsRNBK8IKhiiekeuZSVKltwk=
    dependencies:
      colorette "^1.2.2"
      nanoid "^3.1.23"
      source-map-js "^0.6.2"
  
  randombytes@^2.1.0:
    version "2.1.0"
    resolved "https://registry.npm.taobao.org/randombytes/download/randombytes-2.1.0.tgz#df6f84372f0270dc65cdf6291349ab7a473d4f2a"
    integrity sha1-32+ENy8CcNxlzfYpE0mrekc9Tyo=
    dependencies:
      safe-buffer "^5.1.0"
  
  rollup-plugin-terser@^7.0.2:
    version "7.0.2"
    resolved "https://registry.npm.taobao.org/rollup-plugin-terser/download/rollup-plugin-terser-7.0.2.tgz?cache=0&sync_timestamp=1599268471748&other_urls=https%3A%2F%2Fregistry.npm.taobao.org%2Frollup-plugin-terser%2Fdownload%2Frollup-plugin-terser-7.0.2.tgz#e8fbba4869981b2dc35ae7e8a502d5c6c04d324d"
    integrity sha1-6Pu6SGmYGy3DWufopQLVxsBNMk0=
    dependencies:
      "@babel/code-frame" "^7.10.4"
      jest-worker "^26.2.1"
      serialize-javascript "^4.0.0"
      terser "^5.0.0"
  
  rollup-plugin-vue@^6.0.0:
    version "6.0.0"
    resolved "https://registry.npm.taobao.org/rollup-plugin-vue/download/rollup-plugin-vue-6.0.0.tgz#e379e93e5ae9a8648522f698be2e452e8672aaf2"
    integrity sha1-43npPlrpqGSFIvaYvi5FLoZyqvI=
    dependencies:
      debug "^4.1.1"
      hash-sum "^2.0.0"
      rollup-pluginutils "^2.8.2"
  
  rollup-pluginutils@^2.8.2:
    version "2.8.2"
    resolved "https://registry.npm.taobao.org/rollup-pluginutils/download/rollup-pluginutils-2.8.2.tgz#72f2af0748b592364dbd3389e600e5a9444a351e"
    integrity sha1-cvKvB0i1kjZNvTOJ5gDlqURKNR4=
    dependencies:
      estree-walker "^0.6.1"
  
  safe-buffer@^5.1.0:
    version "5.2.1"
    resolved "https://registry.npm.taobao.org/safe-buffer/download/safe-buffer-5.2.1.tgz#1eaf9fa9bdb1fdd4ec75f58f9cdb4e6b7827eec6"
    integrity sha1-Hq+fqb2x/dTsdfWPnNtOa3gn7sY=
  
  safe-buffer@~5.1.1:
    version "5.1.2"
    resolved "https://registry.npm.taobao.org/safe-buffer/download/safe-buffer-5.1.2.tgz#991ec69d296e0313747d59bdfd2b745c35f8828d"
    integrity sha1-mR7GnSluAxN0fVm9/St0XDX4go0=
  
  semver@^6.3.0:
    version "6.3.0"
    resolved "https://registry.npm.taobao.org/semver/download/semver-6.3.0.tgz#ee0a64c8af5e8ceea67687b133761e1becbd1d3d"
    integrity sha1-7gpkyK9ejO6mdoexM3YeG+y9HT0=
  
  serialize-javascript@^4.0.0:
    version "4.0.0"
    resolved "https://registry.nlark.com/serialize-javascript/download/serialize-javascript-4.0.0.tgz?cache=0&sync_timestamp=1624284214576&other_urls=https%3A%2F%2Fregistry.nlark.com%2Fserialize-javascript%2Fdownload%2Fserialize-javascript-4.0.0.tgz#b525e1238489a5ecfc42afacc3fe99e666f4b1aa"
    integrity sha1-tSXhI4SJpez8Qq+sw/6Z5mb0sao=
    dependencies:
      randombytes "^2.1.0"
  
  source-map-js@^0.6.2:
    version "0.6.2"
    resolved "https://registry.npm.taobao.org/source-map-js/download/source-map-js-0.6.2.tgz#0bb5de631b41cfbda6cfba8bd05a80efdfd2385e"
    integrity sha1-C7XeYxtBz72mz7qL0FqA79/SOF4=
  
  source-map-support@~0.5.19:
    version "0.5.19"
    resolved "https://registry.npm.taobao.org/source-map-support/download/source-map-support-0.5.19.tgz?cache=0&other_urls=https%3A%2F%2Fregistry.npm.taobao.org%2Fsource-map-support%2Fdownload%2Fsource-map-support-0.5.19.tgz#a98b62f86dcaf4f67399648c085291ab9e8fed61"
    integrity sha1-qYti+G3K9PZzmWSMCFKRq56P7WE=
    dependencies:
      buffer-from "^1.0.0"
      source-map "^0.6.0"
  
  source-map@^0.5.0:
    version "0.5.7"
    resolved "https://registry.npm.taobao.org/source-map/download/source-map-0.5.7.tgz#8a039d2d1021d22d1ea14c80d8ea468ba2ef3fcc"
    integrity sha1-igOdLRAh0i0eoUyA2OpGi6LvP8w=
  
  source-map@^0.6.0, source-map@^0.6.1:
    version "0.6.1"
    resolved "https://registry.npm.taobao.org/source-map/download/source-map-0.6.1.tgz#74722af32e9614e9c287a8d0bbde48b5e2f1a263"
    integrity sha1-dHIq8y6WFOnCh6jQu95IteLxomM=
  
  source-map@~0.7.2:
    version "0.7.3"
    resolved "https://registry.npm.taobao.org/source-map/download/source-map-0.7.3.tgz#5302f8169031735226544092e64981f751750383"
    integrity sha1-UwL4FpAxc1ImVECS5kmB91F1A4M=
  
  sourcemap-codec@^1.4.4:
    version "1.4.8"
    resolved "https://registry.npm.taobao.org/sourcemap-codec/download/sourcemap-codec-1.4.8.tgz#ea804bd94857402e6992d05a38ef1ae35a9ab4c4"
    integrity sha1-6oBL2UhXQC5pktBaOO8a41qatMQ=
  
  string-hash@^1.1.1:
    version "1.1.3"
    resolved "https://registry.npm.taobao.org/string-hash/download/string-hash-1.1.3.tgz#e8aafc0ac1855b4666929ed7dd1275df5d6c811b"
    integrity sha1-6Kr8CsGFW0Zmkp7X3RJ1311sgRs=
  
  supports-color@^5.3.0:
    version "5.5.0"
    resolved "https://registry.nlark.com/supports-color/download/supports-color-5.5.0.tgz#e2e69a44ac8772f78a1ec0b35b689df6530efc8f"
    integrity sha1-4uaaRKyHcveKHsCzW2id9lMO/I8=
    dependencies:
      has-flag "^3.0.0"
  
  supports-color@^7.0.0:
    version "7.2.0"
    resolved "https://registry.nlark.com/supports-color/download/supports-color-7.2.0.tgz#1b7dcdcb32b8138801b3e478ba6a51caa89648da"
    integrity sha1-G33NyzK4E4gBs+R4umpRyqiWSNo=
    dependencies:
      has-flag "^4.0.0"
  
  terser@^5.0.0:
    version "5.7.1"
    resolved "https://registry.nlark.com/terser/download/terser-5.7.1.tgz?cache=0&sync_timestamp=1624884217113&other_urls=https%3A%2F%2Fregistry.nlark.com%2Fterser%2Fdownload%2Fterser-5.7.1.tgz#2dc7a61009b66bb638305cb2a824763b116bf784"
    integrity sha1-LcemEAm2a7Y4MFyyqCR2OxFr94Q=
    dependencies:
      commander "^2.20.0"
      source-map "~0.7.2"
      source-map-support "~0.5.19"
  
  to-fast-properties@^2.0.0:
    version "2.0.0"
    resolved "https://registry.npm.taobao.org/to-fast-properties/download/to-fast-properties-2.0.0.tgz#dc5e698cbd079265bc73e0377681a4e4e83f616e"
    integrity sha1-3F5pjL0HkmW8c+A3doGk5Og/YW4=
  
  util-deprecate@^1.0.2:
    version "1.0.2"
    resolved "https://registry.npm.taobao.org/util-deprecate/download/util-deprecate-1.0.2.tgz#450d4dc9fa70de732762fbd2d4a28981419a0ccf"
    integrity sha1-RQ1Nyfpw3nMnYvvS1KKJgUGaDM8=
  
  vue@^3.1.4:
    version "3.1.4"
    resolved "https://registry.nlark.com/vue/download/vue-3.1.4.tgz#120d6818c51eaa35d0879e5bc1cff60135bc69fd"
    integrity sha1-Eg1oGMUeqjXQh55bwc/2ATW8af0=
    dependencies:
      "@vue/compiler-dom" "3.1.4"
      "@vue/runtime-dom" "3.1.4"
      "@vue/shared" "3.1.4"
  
  yallist@^3.0.2:
    version "3.1.1"
    resolved "https://registry.npm.taobao.org/yallist/download/yallist-3.1.1.tgz#dbb7daf9bfd8bac9ab45ebf602b8cbad0d5d08fd"
    integrity sha1-27fa+b/YusmrRev2ArjLrQ1dCP0=
